<?xml version="1.0" encoding="UTF-8"?>
<!-- Generated by org.testng.reporters.JUnitReportReporter -->
<testsuite hostname="DESKTOP-PFVD8FK" failures="0" tests="1" name="Lecture8.Lecture8_2" time="2.995" errors="0" timestamp="2022-09-22T13:58:15 MSK" skipped="0">
  <testcase classname="Lecture8.Lecture8_2" name="frame_Test" time="2.995"/>
  <system-out/>
</testsuite> <!-- Lecture8.Lecture8_2 -->
