<?xml version="1.0" encoding="UTF-8"?>
<!-- Generated by org.testng.reporters.JUnitReportReporter -->
<testsuite hostname="DESKTOP-PFVD8FK" failures="0" tests="1" name="Lecture8.Lecture8_1" time="21.121" errors="0" timestamp="2022-09-22T14:30:00 MSK" skipped="0">
  <testcase classname="Lecture8.Lecture8_1" name="login1withProperty" time="21.121"/>
  <system-out/>
</testsuite> <!-- Lecture8.Lecture8_1 -->
